0 info it worked if it ends with ok
1 verbose cli [ '/home/cpu409/.nvm/versions/node/v6.11.3/bin/node',
1 verbose cli   '/home/cpu409/.nvm/versions/node/v6.11.3/bin/npm',
1 verbose cli   'start' ]
2 info using npm@3.10.10
3 info using node@v6.11.3
4 verbose run-script [ 'prestart', 'start', 'poststart' ]
5 info lifecycle confusionserver@0.0.0~prestart: confusionserver@0.0.0
6 silly lifecycle confusionserver@0.0.0~prestart: no script for prestart, continuing
7 info lifecycle confusionserver@0.0.0~start: confusionserver@0.0.0
8 verbose lifecycle confusionserver@0.0.0~start: unsafe-perm in lifecycle true
9 verbose lifecycle confusionserver@0.0.0~start: PATH: /home/cpu409/.nvm/versions/node/v6.11.3/lib/node_modules/npm/bin/node-gyp-bin:/home/cpu409/Documents/data/Projects/coursera/nodeJS/conFusionServer/node_modules/.bin:/home/cpu409/.rbenv/shims:/home/cpu409/.rbenv/bin:/home/cpu409/Downloads/google-cloud-sdk/bin:/home/cpu409/.nvm/versions/node/v6.11.3/bin:/home/cpu409/.rbenv/shims:/home/cpu409/.rbenv/bin:/home/cpu409/Downloads/google-cloud-sdk/bin:/usr/local/sbin:/usr/local/bin:/usr/sbin:/usr/bin:/sbin:/bin:/usr/games:/usr/local/games:/snap/bin:/usr/lib/jvm/java-8-oracle/bin:/usr/lib/jvm/java-8-oracle/db/bin:/usr/lib/jvm/java-8-oracle/jre/bin:/home/cpu409/.rvm/bin:/snap/bin:/usr/lib/jvm/java-8-oracle/bin:/usr/lib/jvm/java-8-oracle/db/bin:/usr/lib/jvm/java-8-oracle/jre/bin:/usr/local/nodejs/bin:/usr/local/go/bin:/home/cpu409/gobuild/work/bin:/home/cpu409/.rvm/bin:/home/cpu409/.rvm/bin:/usr/local/nodejs/bin:/usr/local/go/bin:/home/cpu409/gobuild/work/bin:/home/cpu409/.rvm/bin
10 verbose lifecycle confusionserver@0.0.0~start: CWD: /home/cpu409/Documents/data/Projects/coursera/nodeJS/conFusionServer
11 silly lifecycle confusionserver@0.0.0~start: Args: [ '-c', 'node ./bin/www' ]
12 silly lifecycle confusionserver@0.0.0~start: Returned: code: 1  signal: null
13 info lifecycle confusionserver@0.0.0~start: Failed to exec start script
14 verbose stack Error: confusionserver@0.0.0 start: `node ./bin/www`
14 verbose stack Exit status 1
14 verbose stack     at EventEmitter.<anonymous> (/home/cpu409/.nvm/versions/node/v6.11.3/lib/node_modules/npm/lib/utils/lifecycle.js:255:16)
14 verbose stack     at emitTwo (events.js:106:13)
14 verbose stack     at EventEmitter.emit (events.js:191:7)
14 verbose stack     at ChildProcess.<anonymous> (/home/cpu409/.nvm/versions/node/v6.11.3/lib/node_modules/npm/lib/utils/spawn.js:40:14)
14 verbose stack     at emitTwo (events.js:106:13)
14 verbose stack     at ChildProcess.emit (events.js:191:7)
14 verbose stack     at maybeClose (internal/child_process.js:920:16)
14 verbose stack     at Process.ChildProcess._handle.onexit (internal/child_process.js:230:5)
15 verbose pkgid confusionserver@0.0.0
16 verbose cwd /home/cpu409/Documents/data/Projects/coursera/nodeJS/conFusionServer
17 error Linux 4.10.0-38-generic
18 error argv "/home/cpu409/.nvm/versions/node/v6.11.3/bin/node" "/home/cpu409/.nvm/versions/node/v6.11.3/bin/npm" "start"
19 error node v6.11.3
20 error npm  v3.10.10
21 error code ELIFECYCLE
22 error confusionserver@0.0.0 start: `node ./bin/www`
22 error Exit status 1
23 error Failed at the confusionserver@0.0.0 start script 'node ./bin/www'.
23 error Make sure you have the latest version of node.js and npm installed.
23 error If you do, this is most likely a problem with the confusionserver package,
23 error not with npm itself.
23 error Tell the author that this fails on your system:
23 error     node ./bin/www
23 error You can get information on how to open an issue for this project with:
23 error     npm bugs confusionserver
23 error Or if that isn't available, you can get their info via:
23 error     npm owner ls confusionserver
23 error There is likely additional logging output above.
24 verbose exit [ 1, true ]
